
=== launched at 2026-05-06 17:05:02: /home/arenalabs/miniconda3/envs/rot/bin/python /home/arenalabs/Desktop/"be water, robot"/notebook/02_resources/scripts/train_runner.py --variant opm_only --mode smoke ===
[opm_only] starting fresh
[opm_only] FM training 0→1000  bs=32  fp16=True  weights pos=10.0 rot=1.0 root=2.0 fk=2.0  device=cuda
[opm_only] step     50/1000  total=15.9887  pos=1.2520 rot=1.0126 root=1.1874 fk=0.0409  step=459ms  eta=7.3min
[opm_only] step    100/1000  total=6.6158  pos=0.4999 rot=0.4566 root=0.5556 fk=0.0247  step=455ms  eta=6.8min
[opm_only] step    150/1000  total=5.0451  pos=0.3783 rot=0.3232 root=0.4519 fk=0.0178  step=454ms  eta=6.4min
[opm_only] step    200/1000  total=4.6823  pos=0.3536 rot=0.2752 root=0.4222 fk=0.0136  step=455ms  eta=6.1min
[opm_only] step    250/1000  total=4.1202  pos=0.3089 rot=0.2243 root=0.3917 fk=0.0118  step=453ms  eta=5.7min
[opm_only] step    300/1000  total=3.7386  pos=0.2809 rot=0.1984 root=0.3553 fk=0.0105  step=449ms  eta=5.2min
[opm_only] step    350/1000  total=3.6026  pos=0.2723 rot=0.1822 root=0.3396 fk=0.0091  step=452ms  eta=4.9min
[opm_only] step    400/1000  total=3.4562  pos=0.2610 rot=0.1800 root=0.3237 fk=0.0094  step=449ms  eta=4.5min
[opm_only] step    450/1000  total=3.1801  pos=0.2366 rot=0.1750 root=0.3108 fk=0.0088  step=451ms  eta=4.1min
[opm_only] step    500/1000  total=2.7747  pos=0.2066 rot=0.1554 root=0.2676 fk=0.0090  step=457ms  eta=3.8min
[opm_only] step    550/1000  total=3.2184  pos=0.2446 rot=0.1707 root=0.2916 fk=0.0093  step=450ms  eta=3.4min
[opm_only] step    600/1000  total=2.9045  pos=0.2204 rot=0.1551 root=0.2649 fk=0.0079  step=449ms  eta=3.0min
[opm_only] step    650/1000  total=2.9543  pos=0.2249 rot=0.1607 root=0.2643 fk=0.0082  step=457ms  eta=2.7min
[opm_only] step    700/1000  total=2.6833  pos=0.2025 rot=0.1552 root=0.2430 fk=0.0085  step=450ms  eta=2.2min
[opm_only] step    750/1000  total=2.4946  pos=0.1870 rot=0.1459 root=0.2312 fk=0.0082  step=453ms  eta=1.9min
[opm_only] step    800/1000  total=2.5647  pos=0.1963 rot=0.1311 root=0.2287 fk=0.0064  step=457ms  eta=1.5min
[opm_only] step    850/1000  total=2.4299  pos=0.1847 rot=0.1318 root=0.2185 fk=0.0073  step=453ms  eta=1.1min
[opm_only] step    900/1000  total=2.4825  pos=0.1922 rot=0.1166 root=0.2153 fk=0.0068  step=452ms  eta=0.8min
[opm_only] step    950/1000  total=2.2136  pos=0.1695 rot=0.1206 root=0.1929 fk=0.0063  step=460ms  eta=0.4min
[opm_only] step   1000/1000  total=2.3433  pos=0.1800 rot=0.1214 root=0.2043 fk=0.0066  step=460ms  eta=0.0min
[opm_only] done: step=1000/1000  ckpt=/home/arenalabs/Desktop/"be water, robot"/notebook/02_resources/checkpoints/opm_only/latest.pt

=== launched at 2026-05-07 05:19:50: /home/arenalabs/miniconda3/envs/rot/bin/python /home/arenalabs/Desktop/"be water, robot"/notebook/02_resources/scripts/train_runner.py --variant opm_only --mode headline ===
[opm_only] resumed from step 1000
[opm_only] FM training 1000→30000  bs=64  fp16=True  weights pos=10.0 rot=1.0 root=2.0 fk=2.0  device=cuda
[opm_only] OOM at batch=64 → batch=32 grad_accum=2 (retry 1/5)
[opm_only] step   1050/30000  total=2.1739  pos=0.1672 rot=0.1180 root=0.1848 fk=0.0072  step=716ms  eta=345.3min
[opm_only] step   1100/30000  total=2.1975  pos=0.1713 rot=0.1121 root=0.1798 fk=0.0065  step=877ms  eta=422.6min
[opm_only] step   1150/30000  total=2.1175  pos=0.1634 rot=0.1226 root=0.1743 fk=0.0063  step=880ms  eta=423.0min
[opm_only] step   1200/30000  total=2.0876  pos=0.1621 rot=0.1152 root=0.1696 fk=0.0060  step=888ms  eta=426.0min
[opm_only] step   1250/30000  total=1.9255  pos=0.1480 rot=0.1104 root=0.1614 fk=0.0060  step=887ms  eta=424.9min
[opm_only] step   1300/30000  total=2.0939  pos=0.1627 rot=0.1161 root=0.1696 fk=0.0060  step=886ms  eta=423.9min

=== launched at 2026-05-07 05:26:12: /home/arenalabs/miniconda3/envs/rot/bin/python /home/arenalabs/Desktop/"be water, robot"/notebook/02_resources/scripts/train_runner.py --variant opm_only --mode headline ===
[opm_only] resumed from step 1000
[opm_only] FM training 1000→30000  bs=32  fp16=True  weights pos=10.0 rot=1.0 root=2.0 fk=2.0  device=cuda

=== launched at 2026-05-07 05:28:05: /home/arenalabs/miniconda3/envs/rot/bin/python /home/arenalabs/Desktop/"be water, robot"/notebook/02_resources/scripts/train_runner.py --variant opm_only --mode headline --no-resume ===

=== launched at 2026-05-07 05:28:07: /home/arenalabs/miniconda3/envs/rot/bin/python /home/arenalabs/Desktop/"be water, robot"/notebook/02_resources/scripts/train_runner.py --variant opm_only --mode headline --no-resume ===
[opm_only] starting fresh
[opm_only] FM training 0→30000  bs=32  fp16=True  weights pos=10.0 rot=1.0 root=2.0 fk=2.0  device=cuda
[opm_only] starting fresh
[opm_only] FM training 0→30000  bs=32  fp16=True  weights pos=10.0 rot=1.0 root=2.0 fk=2.0  device=cuda
[opm_only] OOM at batch=32 → batch=16 grad_accum=2 (retry 1/5)
[opm_only] step     50/30000  total=15.9887  pos=1.2520 rot=1.0126 root=1.1874 fk=0.0409  step=764ms  eta=381.4min
[opm_only] step    100/30000  total=6.6158  pos=0.4999 rot=0.4566 root=0.5556 fk=0.0247  step=719ms  eta=358.1min
[opm_only] step    150/30000  total=5.0451  pos=0.3783 rot=0.3232 root=0.4519 fk=0.0178  step=716ms  eta=356.4min

=== launched at 2026-05-07 05:31:44: /home/arenalabs/miniconda3/envs/rot/bin/python /home/arenalabs/Desktop/"be water, robot"/notebook/02_resources/scripts/train_runner.py --variant opm_only --mode headline ===
[opm_only] resumed from step 1000
[opm_only] FM training 1000→30000  bs=64  fp16=True  weights pos=10.0 rot=1.0 root=2.0 fk=2.0  device=cuda

=== launched at 2026-05-07 05:33:21: /home/arenalabs/miniconda3/envs/rot/bin/python /home/arenalabs/Desktop/"be water, robot"/notebook/02_resources/scripts/train_runner.py --variant opm_only --mode headline ===
[opm_only] resumed from step 1000
[opm_only] FM training 1000→30000  bs=64  fp16=True  weights pos=10.0 rot=1.0 root=2.0 fk=2.0  device=cuda
[opm_only] step   1050/30000  total=2.0289  pos=0.1548 rot=0.1196 root=0.1742 fk=0.0064  step=640ms  eta=308.7min
[opm_only] step   1100/30000  total=2.0683  pos=0.1607 rot=0.1091 root=0.1702 fk=0.0060  step=628ms  eta=302.6min
[opm_only] step   1150/30000  total=1.9769  pos=0.1539 rot=0.1068 root=0.1594 fk=0.0062  step=623ms  eta=299.7min
[opm_only] step   1200/30000  total=2.0085  pos=0.1568 rot=0.1095 root=0.1598 fk=0.0058  step=624ms  eta=299.7min
[opm_only] step   1250/30000  total=1.8353  pos=0.1423 rot=0.1043 root=0.1482 fk=0.0060  step=631ms  eta=302.3min
[opm_only] step   1300/30000  total=1.8732  pos=0.1468 rot=0.0988 root=0.1478 fk=0.0055  step=614ms  eta=293.6min
[opm_only] step   1350/30000  total=1.7640  pos=0.1367 rot=0.1018 root=0.1421 fk=0.0055  step=632ms  eta=301.6min
[opm_only] step   1400/30000  total=1.7355  pos=0.1357 rot=0.0969 root=0.1354 fk=0.0054  step=629ms  eta=299.8min
[opm_only] step   1450/30000  total=1.6913  pos=0.1321 rot=0.0950 root=0.1322 fk=0.0056  step=622ms  eta=296.0min
[opm_only] step   1500/30000  total=1.7371  pos=0.1358 rot=0.0971 root=0.1358 fk=0.0054  step=620ms  eta=294.6min
[opm_only] step   1550/30000  total=1.6415  pos=0.1283 rot=0.0957 root=0.1263 fk=0.0053  step=622ms  eta=294.9min
[opm_only] step   1600/30000  total=1.6440  pos=0.1283 rot=0.0946 root=0.1277 fk=0.0053  step=623ms  eta=294.9min
[opm_only] step   1650/30000  total=1.6527  pos=0.1294 rot=0.0907 root=0.1283 fk=0.0055  step=630ms  eta=297.6min
[opm_only] step   1700/30000  total=1.6018  pos=0.1248 rot=0.0922 root=0.1255 fk=0.0053  step=614ms  eta=289.8min
[opm_only] step   1750/30000  total=1.5270  pos=0.1186 rot=0.0892 root=0.1207 fk=0.0052  step=629ms  eta=296.3min
[opm_only] step   1800/30000  total=1.5799  pos=0.1231 rot=0.0890 root=0.1249 fk=0.0052  step=622ms  eta=292.4min
[opm_only] step   1850/30000  total=1.5050  pos=0.1169 rot=0.0909 root=0.1175 fk=0.0051  step=613ms  eta=287.8min
[opm_only] step   1900/30000  total=1.4854  pos=0.1158 rot=0.0890 root=0.1142 fk=0.0047  step=630ms  eta=295.2min
[opm_only] step   1950/30000  total=1.5010  pos=0.1184 rot=0.0802 root=0.1135 fk=0.0047  step=622ms  eta=290.7min
[opm_only] step   2000/30000  total=1.4162  pos=0.1100 rot=0.0860 root=0.1106 fk=0.0046  step=622ms  eta=290.2min
[opm_only] step   2050/30000  total=1.3791  pos=0.1086 rot=0.0774 root=0.1033 fk=0.0047  step=622ms  eta=290.0min
[opm_only] step   2100/30000  total=1.3410  pos=0.1051 rot=0.0790 root=0.1010 fk=0.0046  step=622ms  eta=289.4min
[opm_only] step   2150/30000  total=1.4746  pos=0.1153 rot=0.0827 root=0.1149 fk=0.0045  step=622ms  eta=288.6min
[opm_only] step   2200/30000  total=1.4283  pos=0.1121 rot=0.0809 root=0.1087 fk=0.0045  step=630ms  eta=291.8min
[opm_only] step   2250/30000  total=1.3796  pos=0.1081 rot=0.0798 root=0.1051 fk=0.0044  step=614ms  eta=284.1min
[opm_only] step   2300/30000  total=1.4067  pos=0.1098 rot=0.0806 root=0.1094 fk=0.0046  step=631ms  eta=291.2min
[opm_only] step   2350/30000  total=1.3497  pos=0.1050 rot=0.0807 root=0.1049 fk=0.0046  step=621ms  eta=286.2min
[opm_only] step   2400/30000  total=1.2619  pos=0.0995 rot=0.0744 root=0.0920 fk=0.0043  step=622ms  eta=286.0min
[opm_only] step   2450/30000  total=1.3536  pos=0.1064 rot=0.0790 root=0.1013 fk=0.0042  step=621ms  eta=285.3min
[opm_only] step   2500/30000  total=1.2724  pos=0.0996 rot=0.0779 root=0.0953 fk=0.0041  step=622ms  eta=285.2min
[opm_only] step   2550/30000  total=1.2904  pos=0.1010 rot=0.0746 root=0.0990 fk=0.0041  step=622ms  eta=284.4min
[opm_only] step   2600/30000  total=1.2618  pos=0.0983 rot=0.0753 root=0.0975 fk=0.0042  step=629ms  eta=287.4min
[opm_only] step   2650/30000  total=1.3112  pos=0.1028 rot=0.0743 root=0.1003 fk=0.0042  step=614ms  eta=279.8min
[opm_only] step   2700/30000  total=1.3084  pos=0.1029 rot=0.0731 root=0.0993 fk=0.0040  step=622ms  eta=282.9min
[opm_only] step   2750/30000  total=1.2869  pos=0.1007 rot=0.0698 root=0.1010 fk=0.0041  step=630ms  eta=286.0min
[opm_only] step   2800/30000  total=1.2483  pos=0.0972 rot=0.0758 root=0.0960 fk=0.0044  step=614ms  eta=278.2min
[opm_only] step   2850/30000  total=1.2173  pos=0.0953 rot=0.0690 root=0.0938 fk=0.0040  step=632ms  eta=286.2min
[opm_only] step   2900/30000  total=1.2155  pos=0.0952 rot=0.0694 root=0.0932 fk=0.0040  step=621ms  eta=280.7min
[opm_only] step   2950/30000  total=1.2064  pos=0.0952 rot=0.0677 root=0.0895 fk=0.0039  step=622ms  eta=280.4min
[opm_only] step   3000/30000  total=1.1644  pos=0.0917 rot=0.0678 root=0.0861 fk=0.0039  step=622ms  eta=279.7min
[opm_only] step   3050/30000  total=1.2444  pos=0.0980 rot=0.0708 root=0.0930 fk=0.0038  step=622ms  eta=279.2min
[opm_only] step   3100/30000  total=1.2398  pos=0.0975 rot=0.0678 root=0.0949 fk=0.0038  step=624ms  eta=279.7min
[opm_only] step   3150/30000  total=1.1370  pos=0.0892 rot=0.0684 root=0.0843 fk=0.0038  step=629ms  eta=281.7min
[opm_only] step   3200/30000  total=1.2159  pos=0.0964 rot=0.0670 root=0.0887 fk=0.0039  step=614ms  eta=274.2min
[opm_only] step   3250/30000  total=1.2455  pos=0.0980 rot=0.0664 root=0.0957 fk=0.0037  step=629ms  eta=280.5min
[opm_only] step   3300/30000  total=1.1627  pos=0.0918 rot=0.0668 root=0.0849 fk=0.0038  step=621ms  eta=276.5min
[opm_only] step   3350/30000  total=1.1941  pos=0.0956 rot=0.0620 root=0.0845 fk=0.0037  step=622ms  eta=276.4min
[opm_only] step   3400/30000  total=1.2116  pos=0.0965 rot=0.0638 root=0.0876 fk=0.0036  step=621ms  eta=275.2min
[opm_only] step   3450/30000  total=1.1903  pos=0.0944 rot=0.0647 root=0.0872 fk=0.0037  step=631ms  eta=279.2min
[opm_only] step   3500/30000  total=1.1997  pos=0.0950 rot=0.0666 root=0.0878 fk=0.0037  step=624ms  eta=275.5min
[opm_only] step   3550/30000  total=1.1408  pos=0.0898 rot=0.0634 root=0.0861 fk=0.0036  step=622ms  eta=274.3min
[opm_only] step   3600/30000  total=1.2565  pos=0.0992 rot=0.0635 root=0.0969 fk=0.0036  step=622ms  eta=273.7min
[opm_only] step   3650/30000  total=1.2356  pos=0.0980 rot=0.0621 root=0.0929 fk=0.0036  step=622ms  eta=273.1min
[opm_only] step   3700/30000  total=1.1468  pos=0.0909 rot=0.0647 root=0.0828 fk=0.0036  step=630ms  eta=276.2min
[opm_only] step   3750/30000  total=1.1428  pos=0.0908 rot=0.0621 root=0.0829 fk=0.0036  step=614ms  eta=268.7min
[opm_only] step   3800/30000  total=1.1060  pos=0.0886 rot=0.0564 root=0.0785 fk=0.0036  step=630ms  eta=274.9min
[opm_only] step   3850/30000  total=1.1063  pos=0.0877 rot=0.0586 root=0.0817 fk=0.0035  step=621ms  eta=270.7min
[opm_only] step   3900/30000  total=1.1266  pos=0.0896 rot=0.0603 root=0.0815 fk=0.0036  step=623ms  eta=270.8min
[opm_only] step   3950/30000  total=1.1357  pos=0.0900 rot=0.0602 root=0.0845 fk=0.0035  step=622ms  eta=270.1min
[opm_only] step   4000/30000  total=1.1128  pos=0.0878 rot=0.0613 root=0.0829 fk=0.0038  step=623ms  eta=270.0min
[opm_only] step   4050/30000  total=1.1084  pos=0.0876 rot=0.0587 root=0.0834 fk=0.0035  step=624ms  eta=269.7min
[opm_only] step   4100/30000  total=1.0911  pos=0.0867 rot=0.0586 root=0.0794 fk=0.0035  step=630ms  eta=272.2min
[opm_only] step   4150/30000  total=1.1430  pos=0.0907 rot=0.0558 root=0.0863 fk=0.0036  step=614ms  eta=264.3min
[opm_only] step   4200/30000  total=1.1214  pos=0.0892 rot=0.0557 root=0.0834 fk=0.0033  step=630ms  eta=270.9min
[opm_only] step   4250/30000  total=1.0390  pos=0.0823 rot=0.0590 root=0.0753 fk=0.0034  step=622ms  eta=266.9min
[opm_only] step   4300/30000  total=1.0937  pos=0.0864 rot=0.0603 root=0.0811 fk=0.0034  step=613ms  eta=262.8min
[opm_only] step   4350/30000  total=1.0759  pos=0.0857 rot=0.0574 root=0.0774 fk=0.0035  step=630ms  eta=269.4min
[opm_only] step   4400/30000  total=1.0686  pos=0.0838 rot=0.0553 root=0.0842 fk=0.0035  step=622ms  eta=265.3min
[opm_only] step   4450/30000  total=1.0724  pos=0.0857 rot=0.0593 root=0.0749 fk=0.0034  step=623ms  eta=265.1min
[opm_only] step   4500/30000  total=1.0934  pos=0.0877 rot=0.0564 root=0.0766 fk=0.0033  step=621ms  eta=264.0min
[opm_only] step   4550/30000  total=1.1021  pos=0.0880 rot=0.0570 root=0.0791 fk=0.0036  step=623ms  eta=264.1min
[opm_only] step   4600/30000  total=1.0457  pos=0.0834 rot=0.0549 root=0.0750 fk=0.0033  step=623ms  eta=263.7min
[opm_only] step   4650/30000  total=0.9792  pos=0.0779 rot=0.0542 root=0.0695 fk=0.0034  step=631ms  eta=266.6min
[opm_only] step   4700/30000  total=1.0265  pos=0.0817 rot=0.0514 root=0.0757 fk=0.0032  step=613ms  eta=258.7min
[opm_only] step   4750/30000  total=1.1021  pos=0.0882 rot=0.0535 root=0.0802 fk=0.0032  step=630ms  eta=265.0min
[opm_only] step   4800/30000  total=1.0642  pos=0.0849 rot=0.0552 root=0.0768 fk=0.0033  step=621ms  eta=261.0min
[opm_only] step   4850/30000  total=1.0857  pos=0.0863 rot=0.0530 root=0.0818 fk=0.0033  step=622ms  eta=260.7min
[opm_only] step   4900/30000  total=1.0941  pos=0.0875 rot=0.0531 root=0.0795 fk=0.0034  step=622ms  eta=260.2min
[opm_only] step   4950/30000  total=1.0416  pos=0.0839 rot=0.0530 root=0.0717 fk=0.0033  step=622ms  eta=259.7min
[opm_only] step   5000/30000  total=1.1178  pos=0.0897 rot=0.0503 root=0.0820 fk=0.0034  step=621ms  eta=258.7min
[opm_only] step   5050/30000  total=1.0338  pos=0.0827 rot=0.0506 root=0.0748 fk=0.0031  step=623ms  eta=259.2min
[opm_only] step   5100/30000  total=1.0236  pos=0.0821 rot=0.0490 root=0.0739 fk=0.0031  step=622ms  eta=258.2min
[opm_only] step   5150/30000  total=1.0446  pos=0.0837 rot=0.0520 root=0.0746 fk=0.0033  step=622ms  eta=257.6min
[opm_only] step   5200/30000  total=1.0011  pos=0.0799 rot=0.0510 root=0.0723 fk=0.0032  step=630ms  eta=260.4min
[opm_only] step   5250/30000  total=1.0877  pos=0.0869 rot=0.0534 root=0.0796 fk=0.0033  step=615ms  eta=253.7min
[opm_only] step   5300/30000  total=1.0630  pos=0.0852 rot=0.0502 root=0.0771 fk=0.0032  step=630ms  eta=259.3min
[opm_only] step   5350/30000  total=0.9934  pos=0.0796 rot=0.0484 root=0.0712 fk=0.0034  step=621ms  eta=255.2min
[opm_only] step   5400/30000  total=0.9688  pos=0.0775 rot=0.0465 root=0.0704 fk=0.0032  step=620ms  eta=254.4min
[opm_only] step   5450/30000  total=0.9308  pos=0.0742 rot=0.0462 root=0.0679 fk=0.0032  step=622ms  eta=254.5min
[opm_only] step   5500/30000  total=1.1127  pos=0.0886 rot=0.0507 root=0.0846 fk=0.0035  step=622ms  eta=254.1min
[opm_only] step   5550/30000  total=1.0344  pos=0.0823 rot=0.0503 root=0.0773 fk=0.0031  step=623ms  eta=253.7min
[opm_only] step   5600/30000  total=0.9972  pos=0.0797 rot=0.0472 root=0.0735 fk=0.0031  step=630ms  eta=256.0min
[opm_only] step   5650/30000  total=0.9623  pos=0.0770 rot=0.0461 root=0.0701 fk=0.0030  step=613ms  eta=249.0min
[opm_only] step   5700/30000  total=1.0140  pos=0.0819 rot=0.0465 root=0.0715 fk=0.0029  step=630ms  eta=255.0min
[opm_only] step   5750/30000  total=1.0767  pos=0.0864 rot=0.0485 root=0.0791 fk=0.0029  step=622ms  eta=251.2min
[opm_only] step   5800/30000  total=1.0151  pos=0.0817 rot=0.0488 root=0.0715 fk=0.0031  step=620ms  eta=250.0min
[opm_only] step   5850/30000  total=0.9700  pos=0.0778 rot=0.0475 root=0.0692 fk=0.0031  step=624ms  eta=251.2min
[opm_only] step   5900/30000  total=1.0508  pos=0.0835 rot=0.0512 root=0.0793 fk=0.0032  step=622ms  eta=249.8min
[opm_only] step   5950/30000  total=1.0180  pos=0.0818 rot=0.0497 root=0.0721 fk=0.0032  step=622ms  eta=249.1min
[opm_only] step   6000/30000  total=0.9975  pos=0.0798 rot=0.0476 root=0.0729 fk=0.0030  step=622ms  eta=248.6min
[opm_only] step   6050/30000  total=0.9405  pos=0.0750 rot=0.0473 root=0.0688 fk=0.0029  step=622ms  eta=248.2min
[opm_only] step   6100/30000  total=1.0145  pos=0.0816 rot=0.0461 root=0.0732 fk=0.0030  step=622ms  eta=247.9min
[opm_only] step   6150/30000  total=0.9613  pos=0.0776 rot=0.0452 root=0.0669 fk=0.0031  step=630ms  eta=250.6min
[opm_only] step   6200/30000  total=0.9834  pos=0.0787 rot=0.0454 root=0.0724 fk=0.0030  step=613ms  eta=243.2min
[opm_only] step   6250/30000  total=1.0101  pos=0.0814 rot=0.0468 root=0.0720 fk=0.0029  step=630ms  eta=249.3min
[opm_only] step   6300/30000  total=1.0759  pos=0.0870 rot=0.0457 root=0.0773 fk=0.0029  step=622ms  eta=245.8min
[opm_only] step   6350/30000  total=1.0530  pos=0.0853 rot=0.0438 root=0.0749 fk=0.0029  step=621ms  eta=245.0min
[opm_only] step   6400/30000  total=0.9792  pos=0.0785 rot=0.0450 root=0.0716 fk=0.0029  step=622ms  eta=244.8min
[opm_only] step   6450/30000  total=0.9606  pos=0.0771 rot=0.0444 root=0.0695 fk=0.0030  step=622ms  eta=244.2min
[opm_only] step   6500/30000  total=1.0371  pos=0.0830 rot=0.0436 root=0.0789 fk=0.0029  step=621ms  eta=243.4min
[opm_only] step   6550/30000  total=0.9646  pos=0.0775 rot=0.0454 root=0.0691 fk=0.0030  step=630ms  eta=246.3min
[opm_only] step   6600/30000  total=1.0247  pos=0.0823 rot=0.0452 root=0.0755 fk=0.0029  step=614ms  eta=239.5min
[opm_only] step   6650/30000  total=0.9696  pos=0.0781 rot=0.0439 root=0.0694 fk=0.0029  step=628ms  eta=244.5min
[opm_only] step   6700/30000  total=0.9504  pos=0.0764 rot=0.0428 root=0.0686 fk=0.0030  step=623ms  eta=242.1min
[opm_only] step   6750/30000  total=0.9806  pos=0.0787 rot=0.0456 root=0.0710 fk=0.0029  step=614ms  eta=238.0min
[opm_only] step   6800/30000  total=0.9796  pos=0.0788 rot=0.0451 root=0.0701 fk=0.0029  step=630ms  eta=243.7min
[opm_only] step   6850/30000  total=0.9355  pos=0.0743 rot=0.0451 root=0.0707 fk=0.0030  step=621ms  eta=239.7min
[opm_only] step   6900/30000  total=0.9113  pos=0.0735 rot=0.0419 root=0.0645 fk=0.0028  step=622ms  eta=239.6min
[opm_only] step   6950/30000  total=0.9591  pos=0.0775 rot=0.0417 root=0.0684 fk=0.0026  step=621ms  eta=238.7min
[opm_only] step   7000/30000  total=0.9225  pos=0.0739 rot=0.0432 root=0.0670 fk=0.0029  step=622ms  eta=238.6min
[opm_only] step   7050/30000  total=0.9545  pos=0.0768 rot=0.0428 root=0.0691 fk=0.0028  step=623ms  eta=238.1min
[opm_only] step   7100/30000  total=0.9134  pos=0.0737 rot=0.0407 root=0.0652 fk=0.0028  step=628ms  eta=239.7min
[opm_only] step   7150/30000  total=0.9170  pos=0.0739 rot=0.0416 root=0.0653 fk=0.0028  step=614ms  eta=233.7min
[opm_only] step   7200/30000  total=1.0034  pos=0.0806 rot=0.0422 root=0.0749 fk=0.0027  step=635ms  eta=241.4min
[opm_only] step   7250/30000  total=0.9487  pos=0.0767 rot=0.0418 root=0.0673 fk=0.0029  step=623ms  eta=236.0min
[opm_only] step   7300/30000  total=0.9316  pos=0.0748 rot=0.0402 root=0.0693 fk=0.0026  step=622ms  eta=235.4min
[opm_only] step   7350/30000  total=0.9456  pos=0.0764 rot=0.0400 root=0.0683 fk=0.0027  step=622ms  eta=234.7min
[opm_only] step   7400/30000  total=0.8799  pos=0.0711 rot=0.0390 root=0.0623 fk=0.0028  step=630ms  eta=237.3min
[opm_only] step   7450/30000  total=0.9128  pos=0.0738 rot=0.0411 root=0.0640 fk=0.0027  step=613ms  eta=230.5min
[opm_only] step   7500/30000  total=0.9501  pos=0.0772 rot=0.0405 root=0.0661 fk=0.0027  step=622ms  eta=233.3min
[opm_only] step   7550/30000  total=0.9700  pos=0.0782 rot=0.0402 root=0.0713 fk=0.0028  step=622ms  eta=232.7min
[opm_only] step   7600/30000  total=0.9911  pos=0.0805 rot=0.0402 root=0.0699 fk=0.0028  step=621ms  eta=232.0min
[opm_only] step   7650/30000  total=0.9710  pos=0.0789 rot=0.0419 root=0.0672 fk=0.0028  step=630ms  eta=234.8min
[opm_only] step   7700/30000  total=0.8911  pos=0.0725 rot=0.0392 root=0.0605 fk=0.0027  step=613ms  eta=228.0min
[opm_only] step   7750/30000  total=0.9303  pos=0.0746 rot=0.0393 root=0.0697 fk=0.0028  step=629ms  eta=233.4min
[opm_only] step   7800/30000  total=0.9520  pos=0.0771 rot=0.0372 root=0.0689 fk=0.0028  step=622ms  eta=230.1min
[opm_only] step   7850/30000  total=0.9214  pos=0.0744 rot=0.0402 root=0.0659 fk=0.0028  step=622ms  eta=229.8min
[opm_only] step   7900/30000  total=0.8516  pos=0.0688 rot=0.0381 root=0.0597 fk=0.0028  step=622ms  eta=228.9min
[opm_only] step   7950/30000  total=0.9058  pos=0.0737 rot=0.0369 root=0.0635 fk=0.0026  step=622ms  eta=228.7min
[opm_only] step   8000/30000  total=0.9346  pos=0.0756 rot=0.0394 root=0.0669 fk=0.0026  step=621ms  eta=227.7min
[opm_only] step   8050/30000  total=0.8606  pos=0.0697 rot=0.0370 root=0.0609 fk=0.0026  step=630ms  eta=230.4min
[opm_only] step   8100/30000  total=0.9372  pos=0.0759 rot=0.0398 root=0.0664 fk=0.0027  step=616ms  eta=224.7min
[opm_only] step   8150/30000  total=0.9246  pos=0.0750 rot=0.0397 root=0.0649 fk=0.0027  step=630ms  eta=229.4min
[opm_only] step   8200/30000  total=0.9506  pos=0.0770 rot=0.0412 root=0.0670 fk=0.0028  step=621ms  eta=225.7min
[opm_only] step   8250/30000  total=0.9193  pos=0.0748 rot=0.0391 root=0.0634 fk=0.0028  step=622ms  eta=225.5min
[opm_only] step   8300/30000  total=0.9026  pos=0.0726 rot=0.0402 root=0.0657 fk=0.0026  step=621ms  eta=224.6min
[opm_only] step   8350/30000  total=0.9111  pos=0.0736 rot=0.0355 root=0.0671 fk=0.0027  step=622ms  eta=224.4min
[opm_only] step   8400/30000  total=0.9412  pos=0.0763 rot=0.0374 root=0.0679 fk=0.0026  step=623ms  eta=224.1min
[opm_only] step   8450/30000  total=0.9195  pos=0.0745 rot=0.0380 root=0.0655 fk=0.0026  step=623ms  eta=223.7min
[opm_only] step   8500/30000  total=0.8352  pos=0.0678 rot=0.0356 root=0.0583 fk=0.0027  step=623ms  eta=223.2min
[opm_only] step   8550/30000  total=0.8856  pos=0.0720 rot=0.0374 root=0.0618 fk=0.0025  step=622ms  eta=222.4min
[opm_only] step   8600/30000  total=0.9102  pos=0.0738 rot=0.0377 root=0.0646 fk=0.0026  step=630ms  eta=224.6min
[opm_only] step   8650/30000  total=0.9507  pos=0.0772 rot=0.0355 root=0.0692 fk=0.0025  step=613ms  eta=218.2min
[opm_only] step   8700/30000  total=0.9544  pos=0.0773 rot=0.0386 root=0.0688 fk=0.0025  step=630ms  eta=223.7min
[opm_only] step   8750/30000  total=0.8838  pos=0.0714 rot=0.0384 root=0.0634 fk=0.0025  step=621ms  eta=219.9min
[opm_only] step   8800/30000  total=0.8773  pos=0.0718 rot=0.0349 root=0.0596 fk=0.0025  step=622ms  eta=219.8min
[opm_only] step   8850/30000  total=0.8899  pos=0.0724 rot=0.0380 root=0.0616 fk=0.0025  step=621ms  eta=219.0min
[opm_only] step   8900/30000  total=0.9069  pos=0.0739 rot=0.0362 root=0.0635 fk=0.0026  step=622ms  eta=218.8min
[opm_only] step   8950/30000  total=0.9094  pos=0.0739 rot=0.0373 root=0.0638 fk=0.0025  step=622ms  eta=218.1min
[opm_only] step   9000/30000  total=0.8596  pos=0.0699 rot=0.0355 root=0.0599 fk=0.0025  step=630ms  eta=220.5min
[opm_only] step   9050/30000  total=0.8809  pos=0.0720 rot=0.0362 root=0.0600 fk=0.0025  step=612ms  eta=213.6min
[opm_only] step   9100/30000  total=0.8560  pos=0.0693 rot=0.0357 root=0.0611 fk=0.0025  step=622ms  eta=216.6min
[opm_only] step   9150/30000  total=0.8428  pos=0.0682 rot=0.0365 root=0.0594 fk=0.0025  step=629ms  eta=218.7min
[opm_only] step   9200/30000  total=0.9196  pos=0.0743 rot=0.0381 root=0.0664 fk=0.0027  step=614ms  eta=212.9min
[opm_only] step   9250/30000  total=0.8764  pos=0.0705 rot=0.0385 root=0.0636 fk=0.0026  step=630ms  eta=217.9min
[opm_only] step   9300/30000  total=0.8560  pos=0.0701 rot=0.0354 root=0.0575 fk=0.0025  step=622ms  eta=214.5min
[opm_only] step   9350/30000  total=0.9390  pos=0.0758 rot=0.0385 root=0.0684 fk=0.0026  step=622ms  eta=214.1min
[opm_only] step   9400/30000  total=0.9128  pos=0.0738 rot=0.0350 root=0.0671 fk=0.0027  step=621ms  eta=213.4min
[opm_only] step   9450/30000  total=0.9103  pos=0.0740 rot=0.0352 root=0.0648 fk=0.0027  step=622ms  eta=213.0min
[opm_only] step   9500/30000  total=0.8630  pos=0.0703 rot=0.0328 root=0.0613 fk=0.0024  step=622ms  eta=212.6min
[opm_only] step   9550/30000  total=0.8644  pos=0.0703 rot=0.0357 root=0.0604 fk=0.0024  step=630ms  eta=214.9min
[opm_only] step   9600/30000  total=0.8797  pos=0.0718 rot=0.0349 root=0.0608 fk=0.0024  step=614ms  eta=208.8min
[opm_only] step   9650/30000  total=0.8594  pos=0.0699 rot=0.0357 root=0.0596 fk=0.0026  step=630ms  eta=213.7min
[opm_only] step   9700/30000  total=0.9172  pos=0.0748 rot=0.0367 root=0.0639 fk=0.0025  step=622ms  eta=210.4min
[opm_only] step   9750/30000  total=0.9393  pos=0.0768 rot=0.0348 root=0.0654 fk=0.0026  step=622ms  eta=209.8min
[opm_only] step   9800/30000  total=0.8824  pos=0.0716 rot=0.0371 root=0.0625 fk=0.0024  step=621ms  eta=209.2min
[opm_only] step   9850/30000  total=0.8708  pos=0.0708 rot=0.0344 root=0.0619 fk=0.0025  step=629ms  eta=211.4min
[opm_only] step   9900/30000  total=0.9083  pos=0.0738 rot=0.0347 root=0.0652 fk=0.0025  step=614ms  eta=205.6min
[opm_only] step   9950/30000  total=0.8979  pos=0.0726 rot=0.0346 root=0.0662 fk=0.0025  step=622ms  eta=207.7min
[opm_only] step  10000/30000  total=0.8272  pos=0.0675 rot=0.0338 root=0.0566 fk=0.0024  step=623ms  eta=207.5min
[opm_only] step  10050/30000  total=0.8642  pos=0.0704 rot=0.0320 root=0.0616 fk=0.0024  step=624ms  eta=207.4min
[opm_only] step  10100/30000  total=0.8966  pos=0.0729 rot=0.0360 root=0.0633 fk=0.0025  step=630ms  eta=209.0min
[opm_only] step  10150/30000  total=0.9064  pos=0.0737 rot=0.0368 root=0.0640 fk=0.0025  step=613ms  eta=202.7min
[opm_only] step  10200/30000  total=0.8659  pos=0.0703 rot=0.0334 root=0.0623 fk=0.0024  step=629ms  eta=207.7min
[opm_only] step  10250/30000  total=0.8912  pos=0.0725 rot=0.0335 root=0.0639 fk=0.0024  step=621ms  eta=204.5min
[opm_only] step  10300/30000  total=0.8280  pos=0.0671 rot=0.0345 root=0.0589 fk=0.0024  step=622ms  eta=204.3min
[opm_only] step  10350/30000  total=0.8828  pos=0.0715 rot=0.0352 root=0.0640 fk=0.0024  step=626ms  eta=204.9min
[opm_only] step  10400/30000  total=0.8565  pos=0.0701 rot=0.0329 root=0.0588 fk=0.0024  step=622ms  eta=203.2min
[opm_only] step  10450/30000  total=0.8315  pos=0.0672 rot=0.0334 root=0.0605 fk=0.0025  step=625ms  eta=203.7min
[opm_only] step  10500/30000  total=0.8071  pos=0.0659 rot=0.0334 root=0.0548 fk=0.0023  step=636ms  eta=206.6min
[opm_only] step  10550/30000  total=0.8500  pos=0.0691 rot=0.0332 root=0.0606 fk=0.0025  step=614ms  eta=199.0min
[opm_only] step  10600/30000  total=0.8502  pos=0.0686 rot=0.0342 root=0.0624 fk=0.0024  step=629ms  eta=203.5min
[opm_only] step  10650/30000  total=0.8544  pos=0.0700 rot=0.0333 root=0.0583 fk=0.0024  step=622ms  eta=200.6min
[opm_only] step  10700/30000  total=0.8324  pos=0.0680 rot=0.0352 root=0.0560 fk=0.0025  step=616ms  eta=198.2min
[opm_only] step  10750/30000  total=0.8844  pos=0.0722 rot=0.0334 root=0.0623 fk=0.0023  step=627ms  eta=201.3min
[opm_only] step  10800/30000  total=0.8707  pos=0.0707 rot=0.0330 root=0.0632 fk=0.0024  step=621ms  eta=198.9min
[opm_only] step  10850/30000  total=0.8458  pos=0.0693 rot=0.0321 root=0.0580 fk=0.0023  step=622ms  eta=198.6min
[opm_only] step  10900/30000  total=0.8599  pos=0.0693 rot=0.0354 root=0.0634 fk=0.0024  step=621ms  eta=197.8min
[opm_only] step  10950/30000  total=0.8381  pos=0.0680 rot=0.0341 root=0.0595 fk=0.0024  step=622ms  eta=197.5min
[opm_only] step  11000/30000  total=0.8441  pos=0.0688 rot=0.0322 root=0.0598 fk=0.0023  step=620ms  eta=196.2min
[opm_only] step  11050/30000  total=0.9122  pos=0.0745 rot=0.0334 root=0.0647 fk=0.0024  step=629ms  eta=198.7min
[opm_only] step  11100/30000  total=0.8693  pos=0.0709 rot=0.0327 root=0.0616 fk=0.0023  step=614ms  eta=193.3min
[opm_only] step  11150/30000  total=0.8837  pos=0.0720 rot=0.0340 root=0.0624 fk=0.0023  step=630ms  eta=197.9min
[opm_only] step  11200/30000  total=0.7861  pos=0.0642 rot=0.0325 root=0.0536 fk=0.0023  step=621ms  eta=194.7min
[opm_only] step  11250/30000  total=0.8361  pos=0.0687 rot=0.0320 root=0.0561 fk=0.0023  step=622ms  eta=194.3min
[opm_only] step  11300/30000  total=0.8207  pos=0.0669 rot=0.0323 root=0.0571 fk=0.0024  step=621ms  eta=193.7min
[opm_only] step  11350/30000  total=0.8380  pos=0.0677 rot=0.0319 root=0.0623 fk=0.0023  step=629ms  eta=195.6min
[opm_only] step  11400/30000  total=0.8752  pos=0.0714 rot=0.0329 root=0.0620 fk=0.0023  step=613ms  eta=190.0min
[opm_only] step  11450/30000  total=0.9080  pos=0.0737 rot=0.0317 root=0.0672 fk=0.0023  step=630ms  eta=194.8min
[opm_only] step  11500/30000  total=0.8546  pos=0.0695 rot=0.0322 root=0.0614 fk=0.0023  step=614ms  eta=189.3min
[opm_only] step  11550/30000  total=0.8715  pos=0.0704 rot=0.0333 root=0.0647 fk=0.0023  step=622ms  eta=191.1min
[opm_only] step  11600/30000  total=0.8822  pos=0.0724 rot=0.0311 root=0.0610 fk=0.0023  step=629ms  eta=193.0min
[opm_only] step  11650/30000  total=0.8973  pos=0.0727 rot=0.0343 root=0.0658 fk=0.0023  step=614ms  eta=187.8min
[opm_only] step  11700/30000  total=0.9001  pos=0.0731 rot=0.0332 root=0.0654 fk=0.0023  step=630ms  eta=192.1min
[opm_only] step  11750/30000  total=0.8566  pos=0.0702 rot=0.0305 root=0.0596 fk=0.0023  step=621ms  eta=188.8min
[opm_only] step  11800/30000  total=0.8618  pos=0.0700 rot=0.0315 root=0.0626 fk=0.0023  step=622ms  eta=188.8min
[opm_only] step  11850/30000  total=0.9701  pos=0.0789 rot=0.0346 root=0.0708 fk=0.0023  step=622ms  eta=188.1min
[opm_only] step  11900/30000  total=0.8211  pos=0.0672 rot=0.0323 root=0.0561 fk=0.0022  step=623ms  eta=187.8min
[opm_only] step  11950/30000  total=0.8090  pos=0.0661 rot=0.0332 root=0.0549 fk=0.0023  step=621ms  eta=186.9min
[opm_only] step  12000/30000  total=0.8594  pos=0.0701 rot=0.0309 root=0.0615 fk=0.0024  step=630ms  eta=188.9min
[opm_only] step  12050/30000  total=0.8103  pos=0.0662 rot=0.0320 root=0.0558 fk=0.0023  step=614ms  eta=183.7min
[opm_only] step  12100/30000  total=0.8685  pos=0.0708 rot=0.0323 root=0.0620 fk=0.0023  step=632ms  eta=188.4min
[opm_only] step  12150/30000  total=0.8709  pos=0.0709 rot=0.0333 root=0.0622 fk=0.0023  step=621ms  eta=184.9min
[opm_only] step  12200/30000  total=0.7666  pos=0.0626 rot=0.0325 root=0.0517 fk=0.0023  step=622ms  eta=184.6min
[opm_only] step  12250/30000  total=0.8068  pos=0.0660 rot=0.0313 root=0.0555 fk=0.0022  step=621ms  eta=183.8min
[opm_only] step  12300/30000  total=0.7664  pos=0.0623 rot=0.0310 root=0.0538 fk=0.0023  step=627ms  eta=185.0min
[opm_only] step  12350/30000  total=0.8783  pos=0.0720 rot=0.0308 root=0.0616 fk=0.0022  step=617ms  eta=181.5min
[opm_only] step  12400/30000  total=0.8185  pos=0.0668 rot=0.0301 root=0.0580 fk=0.0023  step=622ms  eta=182.4min
[opm_only] step  12450/30000  total=0.8420  pos=0.0683 rot=0.0318 root=0.0613 fk=0.0023  step=622ms  eta=182.0min
[opm_only] step  12500/30000  total=0.8551  pos=0.0697 rot=0.0317 root=0.0611 fk=0.0023  step=622ms  eta=181.4min
[opm_only] step  12550/30000  total=0.7761  pos=0.0631 rot=0.0324 root=0.0541 fk=0.0023  step=630ms  eta=183.2min
[opm_only] step  12600/30000  total=0.7985  pos=0.0656 rot=0.0304 root=0.0539 fk=0.0021  step=614ms  eta=178.1min
[opm_only] step  12650/30000  total=0.8148  pos=0.0662 rot=0.0320 root=0.0582 fk=0.0022  step=630ms  eta=182.1min
[opm_only] step  12700/30000  total=0.7933  pos=0.0647 rot=0.0300 root=0.0559 fk=0.0023  step=624ms  eta=179.9min
[opm_only] step  12750/30000  total=0.8284  pos=0.0672 rot=0.0315 root=0.0601 fk=0.0022  step=622ms  eta=178.8min
[opm_only] step  12800/30000  total=0.8664  pos=0.0706 rot=0.0326 root=0.0615 fk=0.0022  step=626ms  eta=179.3min
[opm_only] step  12850/30000  total=0.9004  pos=0.0727 rot=0.0333 root=0.0676 fk=0.0023  step=622ms  eta=177.9min
[opm_only] step  12900/30000  total=0.8088  pos=0.0662 rot=0.0304 root=0.0557 fk=0.0024  step=619ms  eta=176.5min
[opm_only] step  12950/30000  total=0.8205  pos=0.0666 rot=0.0326 root=0.0587 fk=0.0021  step=630ms  eta=178.9min
[opm_only] step  13000/30000  total=0.8817  pos=0.0715 rot=0.0333 root=0.0642 fk=0.0023  step=616ms  eta=174.7min
[opm_only] step  13050/30000  total=0.8649  pos=0.0709 rot=0.0308 root=0.0601 fk=0.0022  step=633ms  eta=178.8min
[opm_only] step  13100/30000  total=0.8448  pos=0.0690 rot=0.0299 root=0.0601 fk=0.0022  step=622ms  eta=175.1min
[opm_only] step  13150/30000  total=0.8305  pos=0.0679 rot=0.0317 root=0.0577 fk=0.0022  step=614ms  eta=172.4min
[opm_only] step  13200/30000  total=0.8469  pos=0.0687 rot=0.0316 root=0.0620 fk=0.0023  step=630ms  eta=176.3min
[opm_only] step  13250/30000  total=0.7990  pos=0.0651 rot=0.0311 root=0.0560 fk=0.0023  step=622ms  eta=173.7min
[opm_only] step  13300/30000  total=0.8048  pos=0.0662 rot=0.0303 root=0.0540 fk=0.0023  step=623ms  eta=173.3min
[opm_only] step  13350/30000  total=0.8615  pos=0.0707 rot=0.0313 root=0.0593 fk=0.0022  step=622ms  eta=172.5min
[opm_only] step  13400/30000  total=0.7871  pos=0.0640 rot=0.0304 root=0.0559 fk=0.0022  step=622ms  eta=172.1min
[opm_only] step  13450/30000  total=0.8202  pos=0.0670 rot=0.0306 root=0.0576 fk=0.0021  step=621ms  eta=171.4min
[opm_only] step  13500/30000  total=0.8704  pos=0.0711 rot=0.0298 root=0.0629 fk=0.0021  step=630ms  eta=173.2min
[opm_only] step  13550/30000  total=0.7972  pos=0.0650 rot=0.0314 root=0.0557 fk=0.0021  step=614ms  eta=168.3min
[opm_only] step  13600/30000  total=0.8364  pos=0.0692 rot=0.0286 root=0.0559 fk=0.0021  step=630ms  eta=172.2min
[opm_only] step  13650/30000  total=0.7984  pos=0.0651 rot=0.0305 root=0.0560 fk=0.0022  step=622ms  eta=169.4min
[opm_only] step  13700/30000  total=0.9015  pos=0.0739 rot=0.0293 root=0.0644 fk=0.0021  step=622ms  eta=169.1min
[opm_only] step  13750/30000  total=0.7773  pos=0.0635 rot=0.0292 root=0.0541 fk=0.0022  step=622ms  eta=168.4min
[opm_only] step  13800/30000  total=0.7832  pos=0.0634 rot=0.0291 root=0.0578 fk=0.0021  step=630ms  eta=170.1min
[opm_only] step  13850/30000  total=0.8187  pos=0.0671 rot=0.0300 root=0.0567 fk=0.0021  step=613ms  eta=165.1min
[opm_only] step  13900/30000  total=0.7700  pos=0.0629 rot=0.0297 root=0.0535 fk=0.0022  step=629ms  eta=168.9min
[opm_only] step  13950/30000  total=0.7732  pos=0.0633 rot=0.0309 root=0.0524 fk=0.0021  step=614ms  eta=164.2min
[opm_only] step  14000/30000  total=0.8801  pos=0.0722 rot=0.0314 root=0.0611 fk=0.0022  step=622ms  eta=165.8min
[opm_only] step  14050/30000  total=0.7646  pos=0.0625 rot=0.0298 root=0.0526 fk=0.0022  step=630ms  eta=167.5min
[opm_only] step  14100/30000  total=0.8458  pos=0.0693 rot=0.0296 root=0.0594 fk=0.0021  step=615ms  eta=162.9min
[opm_only] step  14150/30000  total=0.7939  pos=0.0643 rot=0.0304 root=0.0580 fk=0.0021  step=630ms  eta=166.3min
[opm_only] step  14200/30000  total=0.8475  pos=0.0690 rot=0.0312 root=0.0606 fk=0.0023  step=623ms  eta=164.0min
[opm_only] step  14250/30000  total=0.8002  pos=0.0657 rot=0.0286 root=0.0553 fk=0.0022  step=622ms  eta=163.2min
[opm_only] step  14300/30000  total=0.9124  pos=0.0739 rot=0.0311 root=0.0688 fk=0.0021  step=621ms  eta=162.6min
[opm_only] step  14350/30000  total=0.8249  pos=0.0676 rot=0.0285 root=0.0582 fk=0.0021  step=622ms  eta=162.4min
[opm_only] step  14400/30000  total=0.8115  pos=0.0666 rot=0.0280 root=0.0565 fk=0.0021  step=621ms  eta=161.5min
[opm_only] step  14450/30000  total=0.7926  pos=0.0648 rot=0.0298 root=0.0553 fk=0.0021  step=630ms  eta=163.3min
[opm_only] step  14500/30000  total=0.8149  pos=0.0670 rot=0.0303 root=0.0551 fk=0.0021  step=614ms  eta=158.6min
[opm_only] step  14550/30000  total=0.8113  pos=0.0665 rot=0.0302 root=0.0561 fk=0.0021  step=630ms  eta=162.3min
[opm_only] step  14600/30000  total=0.7584  pos=0.0617 rot=0.0308 root=0.0530 fk=0.0021  step=622ms  eta=159.5min
[opm_only] step  14650/30000  total=0.8007  pos=0.0650 rot=0.0317 root=0.0572 fk=0.0021  step=622ms  eta=159.1min
[opm_only] step  14700/30000  total=0.7746  pos=0.0635 rot=0.0299 root=0.0529 fk=0.0021  step=621ms  eta=158.4min
[opm_only] step  14750/30000  total=0.7744  pos=0.0630 rot=0.0308 root=0.0549 fk=0.0021  step=622ms  eta=158.0min
[opm_only] step  14800/30000  total=0.8776  pos=0.0721 rot=0.0325 root=0.0601 fk=0.0021  step=621ms  eta=157.2min
[opm_only] step  14850/30000  total=0.8950  pos=0.0732 rot=0.0315 root=0.0635 fk=0.0022  step=621ms  eta=156.9min
[opm_only] step  14900/30000  total=0.8863  pos=0.0730 rot=0.0297 root=0.0614 fk=0.0021  step=622ms  eta=156.5min
[opm_only] step  14950/30000  total=0.8191  pos=0.0669 rot=0.0296 root=0.0579 fk=0.0021  step=622ms  eta=155.9min
[opm_only] step  15000/30000  total=0.7836  pos=0.0639 rot=0.0305 root=0.0546 fk=0.0024  step=632ms  eta=157.9min
[opm_only] step  15050/30000  total=0.7954  pos=0.0653 rot=0.0275 root=0.0554 fk=0.0021  step=624ms  eta=155.4min
[opm_only] step  15100/30000  total=0.7913  pos=0.0651 rot=0.0289 root=0.0533 fk=0.0023  step=638ms  eta=158.5min
[opm_only] step  15150/30000  total=0.8224  pos=0.0672 rot=0.0295 root=0.0582 fk=0.0021  step=636ms  eta=157.4min
[opm_only] step  15200/30000  total=0.8118  pos=0.0663 rot=0.0317 root=0.0563 fk=0.0021  step=635ms  eta=156.8min
[opm_only] step  15250/30000  total=0.7649  pos=0.0622 rot=0.0310 root=0.0541 fk=0.0021  step=642ms  eta=157.9min
[opm_only] step  15300/30000  total=0.7662  pos=0.0625 rot=0.0302 root=0.0534 fk=0.0020  step=643ms  eta=157.6min
[opm_only] step  15350/30000  total=0.8415  pos=0.0693 rot=0.0279 root=0.0584 fk=0.0020  step=622ms  eta=151.9min
[opm_only] step  15400/30000  total=0.7791  pos=0.0639 rot=0.0284 root=0.0540 fk=0.0020  step=644ms  eta=156.6min
[opm_only] step  15450/30000  total=0.7699  pos=0.0634 rot=0.0281 root=0.0518 fk=0.0020  step=623ms  eta=151.2min
[opm_only] step  15500/30000  total=0.8064  pos=0.0656 rot=0.0297 root=0.0584 fk=0.0021  step=643ms  eta=155.3min
