/home/arenalabs/miniconda3/envs/rot/lib/python3.12/site-packages/torch/nn/modules/transformer.py:392: UserWarning: enable_nested_tensor is True, but self.use_nested_tensor is False because encoder_layer.norm_first was True
  warnings.warn(
[baseline] 2.40M params, data [160/40] T=90 J=77 C=3
[baseline] ep   1/30  train 0.8288  val 0.5948  val_kc 0.5547  t=17s  step=5
[baseline] ep   2/30  train 0.4867  val 0.7606  val_kc 0.8422  t=34s  step=10
[baseline] ep   3/30  train 0.5143  val 0.6601  val_kc 0.4551  t=50s  step=15
[baseline] ep   4/30  train 0.4451  val 0.5005  val_kc 0.9289  t=66s  step=20
[baseline] ep   5/30  train 0.4479  val 0.4919  val_kc 0.4831  t=83s  step=25
[baseline] ep   6/30  train 0.4851  val 0.5256  val_kc 0.6066  t=99s  step=30
[baseline] ep   7/30  train 0.4154  val 0.4728  val_kc 0.8141  t=114s  step=35
[baseline] ep   8/30  train 0.4675  val 0.4947  val_kc 0.4121  t=123s  step=40
[baseline] ep   9/30  train 0.4236  val 0.4838  val_kc 0.6181  t=133s  step=45
[baseline] ep  10/30  train 0.4064  val 0.4943  val_kc 0.4589  t=142s  step=50
[baseline] ep  11/30  train 0.4364  val 0.4747  val_kc 0.3910  t=151s  step=55
[baseline] ep  12/30  train 0.4055  val 0.4642  val_kc 0.4518  t=160s  step=60
[baseline] ep  13/30  train 0.4309  val 0.5620  val_kc 0.5585  t=169s  step=65
[baseline] ep  14/30  train 0.4013  val 0.4490  val_kc 0.5387  t=178s  step=70
[baseline] ep  15/30  train 0.4069  val 0.4965  val_kc 0.6169  t=187s  step=75
[baseline] ep  16/30  train 0.4426  val 0.3277  val_kc 0.7223  t=196s  step=80
[baseline] ep  17/30  train 0.4229  val 0.4416  val_kc 0.5166  t=205s  step=85
[baseline] ep  18/30  train 0.3447  val 0.4766  val_kc 0.5774  t=214s  step=90
[baseline] ep  19/30  train 0.4001  val 0.4678  val_kc 0.7637  t=223s  step=95
[baseline] ep  20/30  train 0.4006  val 0.4759  val_kc 0.6995  t=232s  step=100
[baseline] ep  21/30  train 0.3899  val 0.4532  val_kc 0.3521  t=241s  step=105
[baseline] ep  22/30  train 0.4470  val 0.4395  val_kc 0.3369  t=250s  step=110
[baseline] ep  23/30  train 0.6774  val 0.4941  val_kc 0.3487  t=259s  step=115
[baseline] ep  24/30  train 0.4564  val 0.4726  val_kc 0.5376  t=268s  step=120
[baseline] ep  25/30  train 0.4018  val 0.4819  val_kc 0.3532  t=277s  step=125
[baseline] ep  26/30  train 0.4481  val 0.4909  val_kc 0.5209  t=286s  step=130
[baseline] ep  27/30  train 0.3698  val 0.4754  val_kc 0.5627  t=295s  step=135
[baseline] ep  28/30  train 0.3874  val 0.4744  val_kc 0.6792  t=304s  step=140
[baseline] ep  29/30  train 0.4076  val 0.4196  val_kc 0.3543  t=313s  step=145
[baseline] ep  30/30  train 0.3855  val 0.4189  val_kc 0.4839  t=322s  step=150

[baseline] DONE in 322s
[baseline] sample-efficiency (steps to reach val_loss):
  val<=1.00: 5
  val<=0.50: 25
  val<=0.30: never
  val<=0.20: never
  val<=0.15: never
  val<=0.10: never
