Mixed: train=6665  val_id=833  val_subject=984  val_source=41
[full] 2.18M params  train=6665  val_splits=['val_id', 'val_subject', 'val_source']  T=90 J=77  lambdas={'pos': 1.0, 'rot': 5.0, 'root': 1.0, 'fk': 0.5}
[full] ep   1/30  train[tot=2.358 pos=0.368 rot=0.307 fk=0.284]  val_id[pos=0.251 rot=0.173 fk=0.169]  val_subject[pos=0.189 rot=0.167 fk=0.152]  val_source[pos=0.174 rot=0.218 fk=0.142]  t=134s
[full] ep   2/30  train[tot=1.122 pos=0.208 rot=0.149 fk=0.108]  val_id[pos=0.208 rot=0.123 fk=0.089]  val_subject[pos=0.139 rot=0.097 fk=0.064]  val_source[pos=0.058 rot=0.157 fk=0.097]  t=267s
[full] ep   3/30  train[tot=0.851 pos=0.196 rot=0.107 fk=0.075]  val_id[pos=0.216 rot=0.098 fk=0.061]  val_subject[pos=0.135 rot=0.075 fk=0.051]  val_source[pos=0.136 rot=0.089 fk=0.047]  t=401s
[full] ep   4/30  train[tot=0.725 pos=0.195 rot=0.087 fk=0.062]  val_id[pos=0.198 rot=0.079 fk=0.062]  val_subject[pos=0.122 rot=0.063 fk=0.050]  val_source[pos=0.529 rot=0.089 fk=0.043]  t=532s
[full] ep   5/30  train[tot=0.636 pos=0.193 rot=0.071 fk=0.058]  val_id[pos=0.170 rot=0.072 fk=0.059]  val_subject[pos=0.184 rot=0.048 fk=0.052]  val_source[pos=0.056 rot=0.091 fk=0.038]  t=661s
[full] ep   6/30  train[tot=0.577 pos=0.195 rot=0.060 fk=0.049]  val_id[pos=0.199 rot=0.054 fk=0.050]  val_subject[pos=0.138 rot=0.038 fk=0.032]  val_source[pos=0.102 rot=0.079 fk=0.031]  t=791s
[full] ep   7/30  train[tot=0.482 pos=0.169 rot=0.049 fk=0.040]  val_id[pos=0.200 rot=0.045 fk=0.041]  val_subject[pos=0.141 rot=0.036 fk=0.032]  val_source[pos=0.206 rot=0.079 fk=0.030]  t=918s
[full] ep   8/30  train[tot=0.446 pos=0.169 rot=0.042 fk=0.038]  val_id[pos=0.183 rot=0.039 fk=0.038]  val_subject[pos=0.121 rot=0.030 fk=0.027]  val_source[pos=0.123 rot=0.066 fk=0.025]  t=1046s
[full] ep   9/30  train[tot=0.455 pos=0.191 rot=0.039 fk=0.036]  val_id[pos=0.149 rot=0.040 fk=0.032]  val_subject[pos=0.122 rot=0.031 fk=0.029]  val_source[pos=0.243 rot=0.070 fk=0.037]  t=1174s
[full] ep  10/30  train[tot=0.431 pos=0.188 rot=0.035 fk=0.036]  val_id[pos=0.221 rot=0.034 fk=0.039]  val_subject[pos=0.114 rot=0.027 fk=0.023]  val_source[pos=0.228 rot=0.065 fk=0.029]  t=1303s
[full] ep  11/30  train[tot=0.384 pos=0.156 rot=0.034 fk=0.031]  val_id[pos=0.183 rot=0.034 fk=0.032]  val_subject[pos=0.150 rot=0.028 fk=0.022]  val_source[pos=0.027 rot=0.076 fk=0.028]  t=1432s
[full] ep  12/30  train[tot=0.382 pos=0.161 rot=0.033 fk=0.029]  val_id[pos=0.163 rot=0.030 fk=0.028]  val_subject[pos=0.165 rot=0.027 fk=0.027]  val_source[pos=0.250 rot=0.061 fk=0.025]  t=1561s
[full] ep  13/30  train[tot=0.363 pos=0.155 rot=0.031 fk=0.028]  val_id[pos=0.125 rot=0.034 fk=0.025]  val_subject[pos=0.104 rot=0.026 fk=0.017]  val_source[pos=0.213 rot=0.073 fk=0.025]  t=1690s
[full] ep  14/30  train[tot=0.369 pos=0.161 rot=0.030 fk=0.029]  val_id[pos=0.186 rot=0.030 fk=0.031]  val_subject[pos=0.088 rot=0.023 fk=0.019]  val_source[pos=0.166 rot=0.059 fk=0.020]  t=1818s
[full] ep  15/30  train[tot=0.367 pos=0.160 rot=0.030 fk=0.030]  val_id[pos=0.162 rot=0.027 fk=0.028]  val_subject[pos=0.076 rot=0.023 fk=0.015]  val_source[pos=0.072 rot=0.033 fk=0.017]  t=1947s
[full] ep  16/30  train[tot=0.388 pos=0.176 rot=0.030 fk=0.029]  val_id[pos=0.219 rot=0.029 fk=0.033]  val_subject[pos=0.118 rot=0.023 fk=0.018]  val_source[pos=0.127 rot=0.053 fk=0.019]  t=2077s
[full] ep  17/30  train[tot=0.371 pos=0.169 rot=0.028 fk=0.029]  val_id[pos=0.175 rot=0.031 fk=0.031]  val_subject[pos=0.124 rot=0.023 fk=0.020]  val_source[pos=0.116 rot=0.051 fk=0.019]  t=2204s
[full] ep  18/30  train[tot=0.355 pos=0.157 rot=0.028 fk=0.027]  val_id[pos=0.109 rot=0.028 fk=0.022]  val_subject[pos=0.115 rot=0.022 fk=0.019]  val_source[pos=0.065 rot=0.032 fk=0.015]  t=2331s
[full] ep  19/30  train[tot=0.347 pos=0.157 rot=0.027 fk=0.027]  val_id[pos=0.199 rot=0.028 fk=0.033]  val_subject[pos=0.140 rot=0.023 fk=0.020]  val_source[pos=0.208 rot=0.079 fk=0.020]  t=2458s
[full] ep  20/30  train[tot=0.343 pos=0.156 rot=0.027 fk=0.026]  val_id[pos=0.162 rot=0.027 fk=0.027]  val_subject[pos=0.129 rot=0.021 fk=0.019]  val_source[pos=0.087 rot=0.026 fk=0.019]  t=2588s
[full] ep  21/30  train[tot=0.349 pos=0.164 rot=0.026 fk=0.027]  val_id[pos=0.141 rot=0.026 fk=0.025]  val_subject[pos=0.128 rot=0.021 fk=0.016]  val_source[pos=0.231 rot=0.056 fk=0.025]  t=2720s
[full] ep  22/30  train[tot=0.338 pos=0.156 rot=0.027 fk=0.024]  val_id[pos=0.114 rot=0.027 fk=0.022]  val_subject[pos=0.119 rot=0.021 fk=0.019]  val_source[pos=0.091 rot=0.049 fk=0.018]  t=2848s
[full] ep  23/30  train[tot=0.328 pos=0.148 rot=0.026 fk=0.024]  val_id[pos=0.131 rot=0.026 fk=0.020]  val_subject[pos=0.088 rot=0.021 fk=0.015]  val_source[pos=0.012 rot=0.046 fk=0.015]  t=2975s
[full] ep  24/30  train[tot=0.353 pos=0.166 rot=0.026 fk=0.027]  val_id[pos=0.186 rot=0.028 fk=0.028]  val_subject[pos=0.123 rot=0.021 fk=0.019]  val_source[pos=0.142 rot=0.052 fk=0.018]  t=3103s
[full] ep  25/30  train[tot=0.324 pos=0.145 rot=0.026 fk=0.025]  val_id[pos=0.157 rot=0.023 fk=0.030]  val_subject[pos=0.148 rot=0.021 fk=0.019]  val_source[pos=0.138 rot=0.055 fk=0.019]  t=3226s
[full] ep  26/30  train[tot=0.328 pos=0.152 rot=0.025 fk=0.024]  val_id[pos=0.128 rot=0.024 fk=0.021]  val_subject[pos=0.115 rot=0.021 fk=0.018]  val_source[pos=0.013 rot=0.057 fk=0.017]  t=3290s
[full] ep  27/30  train[tot=0.328 pos=0.151 rot=0.025 fk=0.024]  val_id[pos=0.127 rot=0.023 fk=0.018]  val_subject[pos=0.122 rot=0.021 fk=0.016]  val_source[pos=0.090 rot=0.062 fk=0.018]  t=3353s
[full] ep  28/30  train[tot=0.338 pos=0.160 rot=0.025 fk=0.026]  val_id[pos=0.156 rot=0.027 fk=0.023]  val_subject[pos=0.078 rot=0.019 fk=0.015]  val_source[pos=0.119 rot=0.050 fk=0.017]  t=3416s
[full] ep  29/30  train[tot=0.345 pos=0.167 rot=0.025 fk=0.025]  val_id[pos=0.136 rot=0.024 fk=0.022]  val_subject[pos=0.110 rot=0.020 fk=0.015]  val_source[pos=0.057 rot=0.036 fk=0.012]  t=3480s
[full] ep  30/30  train[tot=0.327 pos=0.152 rot=0.024 fk=0.025]  val_id[pos=0.154 rot=0.026 fk=0.024]  val_subject[pos=0.168 rot=0.022 fk=0.021]  val_source[pos=0.295 rot=0.066 fk=0.018]  t=3542s

[full] DONE in 3542s  saved to runs/full__mixed_fixed30
