Mixed: train=6665  val_id=833  val_subject=984  val_source=41
[opm_only] 2.12M params  train=6665  val_splits=['val_id', 'val_subject', 'val_source']  T=90 J=77  lambdas={'pos': 1.0, 'rot': 5.0, 'root': 1.0, 'fk': 0.5}
[opm_only] ep   1/30  train[tot=2.054 pos=0.326 rot=0.262 fk=0.257]  val_id[pos=0.229 rot=0.182 fk=0.127]  val_subject[pos=0.187 rot=0.149 fk=0.097]  val_source[pos=0.173 rot=0.236 fk=0.122]  t=72s
[opm_only] ep   2/30  train[tot=1.042 pos=0.209 rot=0.134 fk=0.098]  val_id[pos=0.231 rot=0.099 fk=0.074]  val_subject[pos=0.150 rot=0.073 fk=0.056]  val_source[pos=0.059 rot=0.105 fk=0.053]  t=184s
[opm_only] ep   3/30  train[tot=0.686 pos=0.198 rot=0.076 fk=0.062]  val_id[pos=0.169 rot=0.061 fk=0.053]  val_subject[pos=0.117 rot=0.044 fk=0.041]  val_source[pos=0.111 rot=0.084 fk=0.044]  t=298s
[opm_only] ep   4/30  train[tot=0.533 pos=0.186 rot=0.052 fk=0.049]  val_id[pos=0.170 rot=0.046 fk=0.043]  val_subject[pos=0.116 rot=0.035 fk=0.028]  val_source[pos=0.037 rot=0.049 fk=0.031]  t=413s
[opm_only] ep   5/30  train[tot=0.462 pos=0.182 rot=0.040 fk=0.040]  val_id[pos=0.170 rot=0.039 fk=0.038]  val_subject[pos=0.171 rot=0.031 fk=0.029]  val_source[pos=0.031 rot=0.084 fk=0.022]  t=525s
[opm_only] ep   6/30  train[tot=0.456 pos=0.190 rot=0.038 fk=0.038]  val_id[pos=0.195 rot=0.035 fk=0.036]  val_subject[pos=0.153 rot=0.029 fk=0.025]  val_source[pos=0.101 rot=0.079 fk=0.027]  t=634s
[opm_only] ep   7/30  train[tot=0.411 pos=0.172 rot=0.034 fk=0.035]  val_id[pos=0.198 rot=0.033 fk=0.031]  val_subject[pos=0.147 rot=0.027 fk=0.023]  val_source[pos=0.229 rot=0.071 fk=0.030]  t=744s
[opm_only] ep   8/30  train[tot=0.388 pos=0.161 rot=0.033 fk=0.031]  val_id[pos=0.148 rot=0.033 fk=0.032]  val_subject[pos=0.122 rot=0.027 fk=0.022]  val_source[pos=0.130 rot=0.065 fk=0.024]  t=852s
[opm_only] ep   9/30  train[tot=0.405 pos=0.176 rot=0.032 fk=0.032]  val_id[pos=0.136 rot=0.031 fk=0.027]  val_subject[pos=0.119 rot=0.025 fk=0.023]  val_source[pos=0.208 rot=0.072 fk=0.028]  t=961s
[opm_only] ep  10/30  train[tot=0.400 pos=0.178 rot=0.032 fk=0.031]  val_id[pos=0.194 rot=0.029 fk=0.035]  val_subject[pos=0.110 rot=0.025 fk=0.019]  val_source[pos=0.210 rot=0.067 fk=0.027]  t=1073s
[opm_only] ep  11/30  train[tot=0.360 pos=0.156 rot=0.029 fk=0.030]  val_id[pos=0.181 rot=0.029 fk=0.029]  val_subject[pos=0.138 rot=0.021 fk=0.020]  val_source[pos=0.026 rot=0.060 fk=0.017]  t=1181s
[opm_only] ep  12/30  train[tot=0.358 pos=0.158 rot=0.029 fk=0.029]  val_id[pos=0.167 rot=0.028 fk=0.028]  val_subject[pos=0.163 rot=0.024 fk=0.026]  val_source[pos=0.236 rot=0.061 fk=0.026]  t=1290s
[opm_only] ep  13/30  train[tot=0.362 pos=0.162 rot=0.029 fk=0.027]  val_id[pos=0.129 rot=0.031 fk=0.025]  val_subject[pos=0.102 rot=0.023 fk=0.017]  val_source[pos=0.220 rot=0.062 fk=0.022]  t=1401s
[opm_only] ep  14/30  train[tot=0.346 pos=0.152 rot=0.027 fk=0.029]  val_id[pos=0.179 rot=0.029 fk=0.028]  val_subject[pos=0.079 rot=0.021 fk=0.016]  val_source[pos=0.164 rot=0.054 fk=0.023]  t=1508s
[opm_only] ep  15/30  train[tot=0.342 pos=0.152 rot=0.027 fk=0.027]  val_id[pos=0.174 rot=0.026 fk=0.029]  val_subject[pos=0.083 rot=0.021 fk=0.014]  val_source[pos=0.123 rot=0.045 fk=0.017]  t=1617s
[opm_only] ep  16/30  train[tot=0.372 pos=0.172 rot=0.027 fk=0.030]  val_id[pos=0.187 rot=0.025 fk=0.031]  val_subject[pos=0.108 rot=0.021 fk=0.016]  val_source[pos=0.137 rot=0.060 fk=0.019]  t=1727s
[opm_only] ep  17/30  train[tot=0.352 pos=0.163 rot=0.026 fk=0.027]  val_id[pos=0.176 rot=0.031 fk=0.029]  val_subject[pos=0.117 rot=0.021 fk=0.018]  val_source[pos=0.136 rot=0.058 fk=0.018]  t=1837s
[opm_only] ep  18/30  train[tot=0.344 pos=0.155 rot=0.027 fk=0.026]  val_id[pos=0.092 rot=0.024 fk=0.020]  val_subject[pos=0.113 rot=0.022 fk=0.018]  val_source[pos=0.033 rot=0.039 fk=0.016]  t=1945s
[opm_only] ep  19/30  train[tot=0.336 pos=0.156 rot=0.025 fk=0.026]  val_id[pos=0.181 rot=0.027 fk=0.032]  val_subject[pos=0.131 rot=0.021 fk=0.020]  val_source[pos=0.225 rot=0.055 fk=0.021]  t=2054s
[opm_only] ep  20/30  train[tot=0.331 pos=0.151 rot=0.025 fk=0.026]  val_id[pos=0.182 rot=0.028 fk=0.029]  val_subject[pos=0.131 rot=0.021 fk=0.019]  val_source[pos=0.094 rot=0.035 fk=0.019]  t=2162s
[opm_only] ep  21/30  train[tot=0.326 pos=0.152 rot=0.025 fk=0.024]  val_id[pos=0.164 rot=0.027 fk=0.025]  val_subject[pos=0.108 rot=0.021 fk=0.015]  val_source[pos=0.209 rot=0.058 fk=0.023]  t=2272s
[opm_only] ep  22/30  train[tot=0.324 pos=0.154 rot=0.024 fk=0.023]  val_id[pos=0.102 rot=0.024 fk=0.020]  val_subject[pos=0.129 rot=0.021 fk=0.019]  val_source[pos=0.083 rot=0.052 fk=0.017]  t=2384s
[opm_only] ep  23/30  train[tot=0.322 pos=0.150 rot=0.024 fk=0.024]  val_id[pos=0.127 rot=0.024 fk=0.019]  val_subject[pos=0.089 rot=0.019 fk=0.014]  val_source[pos=0.015 rot=0.045 fk=0.012]  t=2495s
[opm_only] ep  24/30  train[tot=0.347 pos=0.166 rot=0.025 fk=0.026]  val_id[pos=0.174 rot=0.025 fk=0.027]  val_subject[pos=0.123 rot=0.019 fk=0.018]  val_source[pos=0.123 rot=0.057 fk=0.017]  t=2605s
[opm_only] ep  25/30  train[tot=0.312 pos=0.144 rot=0.024 fk=0.023]  val_id[pos=0.151 rot=0.023 fk=0.028]  val_subject[pos=0.136 rot=0.020 fk=0.018]  val_source[pos=0.137 rot=0.050 fk=0.017]  t=2714s
[opm_only] ep  26/30  train[tot=0.313 pos=0.145 rot=0.024 fk=0.022]  val_id[pos=0.129 rot=0.023 fk=0.020]  val_subject[pos=0.115 rot=0.020 fk=0.017]  val_source[pos=0.010 rot=0.051 fk=0.014]  t=2824s
[opm_only] ep  27/30  train[tot=0.332 pos=0.160 rot=0.024 fk=0.025]  val_id[pos=0.122 rot=0.024 fk=0.018]  val_subject[pos=0.113 rot=0.019 fk=0.014]  val_source[pos=0.087 rot=0.061 fk=0.017]  t=2934s
[opm_only] ep  28/30  train[tot=0.335 pos=0.163 rot=0.024 fk=0.024]  val_id[pos=0.147 rot=0.024 fk=0.024]  val_subject[pos=0.081 rot=0.018 fk=0.014]  val_source[pos=0.147 rot=0.051 fk=0.017]  t=3044s
[opm_only] ep  29/30  train[tot=0.336 pos=0.160 rot=0.024 fk=0.025]  val_id[pos=0.146 rot=0.025 fk=0.021]  val_subject[pos=0.121 rot=0.019 fk=0.014]  val_source[pos=0.073 rot=0.045 fk=0.014]  t=3154s
[opm_only] ep  30/30  train[tot=0.322 pos=0.155 rot=0.023 fk=0.025]  val_id[pos=0.160 rot=0.024 fk=0.024]  val_subject[pos=0.164 rot=0.021 fk=0.020]  val_source[pos=0.131 rot=0.037 fk=0.016]  t=3265s

[opm_only] DONE in 3265s  saved to runs/opm_only__mixed_fixed30
