[pair_static] 1.99M params, data [160/40] T=90 J=77 C=3
[pair_static] ep   1/30  train 1.7773  val 0.7978  val_kc 1.4767  t=3s  step=5
[pair_static] ep   2/30  train 1.0989  val 0.7191  val_kc 0.9035  t=5s  step=10
[pair_static] ep   3/30  train 0.5979  val 2.4682  val_kc 0.7788  t=7s  step=15
[pair_static] ep   4/30  train 0.5892  val 0.4254  val_kc 0.5806  t=9s  step=20
[pair_static] ep   5/30  train 0.5411  val 0.4827  val_kc 0.8199  t=12s  step=25
[pair_static] ep   6/30  train 0.5717  val 0.4753  val_kc 0.3362  t=14s  step=30
[pair_static] ep   7/30  train 0.3844  val 0.3832  val_kc 0.4193  t=16s  step=35
[pair_static] ep   8/30  train 0.3463  val 0.4091  val_kc 0.2975  t=18s  step=40
[pair_static] ep   9/30  train 0.3321  val 0.3449  val_kc 0.3441  t=21s  step=45
[pair_static] ep  10/30  train 0.7494  val 0.5000  val_kc 0.3475  t=23s  step=50
[pair_static] ep  11/30  train 0.4866  val 0.2388  val_kc 0.3295  t=25s  step=55
[pair_static] ep  12/30  train 0.2410  val 0.3077  val_kc 0.6533  t=27s  step=60
[pair_static] ep  13/30  train 0.2583  val 0.3750  val_kc 0.3313  t=30s  step=65
[pair_static] ep  14/30  train 0.2142  val 0.2230  val_kc 0.1913  t=32s  step=70
[pair_static] ep  15/30  train 0.1853  val 0.2212  val_kc 0.4013  t=34s  step=75
[pair_static] ep  16/30  train 0.2142  val 0.3222  val_kc 0.5631  t=36s  step=80
[pair_static] ep  17/30  train 0.2129  val 0.3889  val_kc 0.1910  t=39s  step=85
[pair_static] ep  18/30  train 0.2929  val 0.3764  val_kc 0.2010  t=41s  step=90
[pair_static] ep  19/30  train 0.2130  val 0.1770  val_kc 0.2217  t=43s  step=95
[pair_static] ep  20/30  train 0.2735  val 0.4149  val_kc 0.3804  t=45s  step=100
[pair_static] ep  21/30  train 0.2165  val 0.2107  val_kc 0.1014  t=47s  step=105
[pair_static] ep  22/30  train 0.3124  val 0.2621  val_kc 0.2539  t=50s  step=110
[pair_static] ep  23/30  train 0.1634  val 0.2472  val_kc 0.2504  t=52s  step=115
[pair_static] ep  24/30  train 0.2604  val 0.1057  val_kc 0.4491  t=54s  step=120
[pair_static] ep  25/30  train 0.1782  val 0.2232  val_kc 0.1489  t=56s  step=125
[pair_static] ep  26/30  train 0.1300  val 0.2313  val_kc 0.1352  t=59s  step=130
[pair_static] ep  27/30  train 0.2254  val 0.3520  val_kc 0.3130  t=61s  step=135
[pair_static] ep  28/30  train 0.1151  val 0.3414  val_kc 0.3754  t=63s  step=140
[pair_static] ep  29/30  train 0.1421  val 0.2228  val_kc 0.2054  t=65s  step=145
[pair_static] ep  30/30  train 0.1392  val 0.3038  val_kc 0.2336  t=68s  step=150

[pair_static] DONE in 68s
[pair_static] sample-efficiency (steps to reach val_loss):
  val<=1.00: 5
  val<=0.50: 20
  val<=0.30: 55
  val<=0.20: 95
  val<=0.15: 120
  val<=0.10: never
