[opm_only] 2.12M params, data [160/40] T=90 J=77 C=3
[opm_only] ep   1/30  train 1.2367  val 2.7524  val_kc 2.3269  t=3s  step=5
[opm_only] ep   2/30  train 1.0440  val 0.9982  val_kc 0.9708  t=6s  step=10
[opm_only] ep   3/30  train 0.6515  val 1.2743  val_kc 0.9615  t=9s  step=15
[opm_only] ep   4/30  train 0.3997  val 1.1281  val_kc 0.9506  t=12s  step=20
[opm_only] ep   5/30  train 0.4511  val 0.7343  val_kc 1.2184  t=14s  step=25
[opm_only] ep   6/30  train 0.3389  val 1.2401  val_kc 4.6428  t=17s  step=30
[opm_only] ep   7/30  train 0.4069  val 0.8818  val_kc 2.7560  t=20s  step=35
[opm_only] ep   8/30  train 0.3073  val 0.7102  val_kc 0.3972  t=23s  step=40
[opm_only] ep   9/30  train 0.3219  val 0.8235  val_kc 0.9148  t=26s  step=45
[opm_only] ep  10/30  train 0.2720  val 0.6957  val_kc 0.7333  t=29s  step=50
[opm_only] ep  11/30  train 0.2347  val 0.6973  val_kc 0.7672  t=32s  step=55
[opm_only] ep  12/30  train 0.2228  val 0.5852  val_kc 0.3254  t=34s  step=60
[opm_only] ep  13/30  train 0.3235  val 0.4682  val_kc 0.4473  t=37s  step=65
[opm_only] ep  14/30  train 0.1903  val 0.8299  val_kc 0.5624  t=40s  step=70
[opm_only] ep  15/30  train 0.1941  val 0.7435  val_kc 0.6474  t=43s  step=75
[opm_only] ep  16/30  train 0.2138  val 0.4796  val_kc 0.3742  t=46s  step=80
[opm_only] ep  17/30  train 0.2720  val 0.5061  val_kc 0.3058  t=49s  step=85
[opm_only] ep  18/30  train 0.2140  val 0.3335  val_kc 0.9195  t=52s  step=90
[opm_only] ep  19/30  train 0.1375  val 0.3263  val_kc 0.2582  t=54s  step=95
[opm_only] ep  20/30  train 0.2165  val 0.3250  val_kc 0.1985  t=57s  step=100
[opm_only] ep  21/30  train 0.2150  val 0.7176  val_kc 0.4847  t=60s  step=105
[opm_only] ep  22/30  train 0.1132  val 0.6966  val_kc 0.3852  t=63s  step=110
[opm_only] ep  23/30  train 0.1238  val 0.4853  val_kc 1.0381  t=66s  step=115
[opm_only] ep  24/30  train 0.1915  val 0.5105  val_kc 0.9550  t=69s  step=120
[opm_only] ep  25/30  train 0.2187  val 0.5100  val_kc 0.5211  t=71s  step=125
[opm_only] ep  26/30  train 0.2386  val 0.6013  val_kc 0.3565  t=74s  step=130
[opm_only] ep  27/30  train 0.2235  val 0.4663  val_kc 0.3106  t=77s  step=135
[opm_only] ep  28/30  train 0.1553  val 0.2785  val_kc 0.4649  t=80s  step=140
[opm_only] ep  29/30  train 0.2260  val 0.4491  val_kc 0.3582  t=83s  step=145
[opm_only] ep  30/30  train 0.1703  val 0.4006  val_kc 0.2797  t=86s  step=150

[opm_only] DONE in 86s
[opm_only] sample-efficiency (steps to reach val_loss):
  val<=1.00: 10
  val<=0.50: 65
  val<=0.30: 140
  val<=0.20: never
  val<=0.15: never
  val<=0.10: never
