/home/arenalabs/miniconda3/envs/rot/lib/python3.12/site-packages/torch/nn/modules/transformer.py:392: UserWarning: enable_nested_tensor is True, but self.use_nested_tensor is False because encoder_layer.norm_first was True
  warnings.warn(
[baseline] 2.40M params, data [160/40] T=90 J=77 C=3
[baseline] ep   1/30  train 0.9326  val 0.5785  val_kc 1.8013  t=17s  step=5
[baseline] ep   2/30  train 0.5273  val 0.3982  val_kc 0.3640  t=34s  step=10
[baseline] ep   3/30  train 0.4709  val 0.5174  val_kc 0.5101  t=50s  step=15
[baseline] ep   4/30  train 0.5362  val 0.4299  val_kc 0.3523  t=66s  step=20
[baseline] ep   5/30  train 0.4867  val 0.4022  val_kc 0.2487  t=83s  step=25
[baseline] ep   6/30  train 0.4741  val 0.3490  val_kc 0.8689  t=99s  step=30
[baseline] ep   7/30  train 0.3936  val 0.4358  val_kc 0.4301  t=115s  step=35
[baseline] ep   8/30  train 0.3971  val 0.3696  val_kc 0.2944  t=124s  step=40
[baseline] ep   9/30  train 0.4096  val 0.3792  val_kc 0.3632  t=133s  step=45
[baseline] ep  10/30  train 0.4005  val 0.2968  val_kc 0.3476  t=142s  step=50
[baseline] ep  11/30  train 0.7255  val 0.3298  val_kc 0.3862  t=152s  step=55
[baseline] ep  12/30  train 0.4040  val 0.3846  val_kc 0.6990  t=161s  step=60
[baseline] ep  13/30  train 0.3928  val 0.4404  val_kc 0.6173  t=170s  step=65
[baseline] ep  14/30  train 0.6050  val 0.3758  val_kc 0.2509  t=179s  step=70
[baseline] ep  15/30  train 0.4867  val 0.3814  val_kc 0.4939  t=188s  step=75
[baseline] ep  16/30  train 0.4348  val 0.4049  val_kc 0.3348  t=197s  step=80
[baseline] ep  17/30  train 0.4221  val 0.5820  val_kc 0.4275  t=206s  step=85
[baseline] ep  18/30  train 0.3984  val 0.7137  val_kc 0.3408  t=215s  step=90
[baseline] ep  19/30  train 0.5465  val 0.4746  val_kc 0.2716  t=224s  step=95
[baseline] ep  20/30  train 0.4203  val 0.3724  val_kc 0.5081  t=233s  step=100
[baseline] ep  21/30  train 0.4009  val 0.3873  val_kc 0.4236  t=242s  step=105
[baseline] ep  22/30  train 0.4287  val 0.3711  val_kc 0.3000  t=252s  step=110
[baseline] ep  23/30  train 0.3516  val 0.2800  val_kc 0.4826  t=261s  step=115
[baseline] ep  24/30  train 0.4646  val 0.4012  val_kc 0.4676  t=270s  step=120
[baseline] ep  25/30  train 0.3881  val 0.4027  val_kc 0.8532  t=279s  step=125
[baseline] ep  26/30  train 0.4001  val 0.4480  val_kc 0.3608  t=288s  step=130
[baseline] ep  27/30  train 0.4229  val 0.4063  val_kc 0.4819  t=297s  step=135
[baseline] ep  28/30  train 0.3941  val 0.3942  val_kc 0.4432  t=306s  step=140
[baseline] ep  29/30  train 0.4296  val 0.3148  val_kc 0.3587  t=315s  step=145
[baseline] ep  30/30  train 0.4021  val 0.3598  val_kc 0.5716  t=324s  step=150

[baseline] DONE in 324s
[baseline] sample-efficiency (steps to reach val_loss):
  val<=1.00: 5
  val<=0.50: 10
  val<=0.30: 50
  val<=0.20: never
  val<=0.15: never
  val<=0.10: never
